meubleNetReactNativa/android/app/build/intermediates/manifest_merge_blame_file/release/manifest-merger-blame-release-report.txt
1<?xml version="1.0" encoding="utf-8"?>
2<manifest xmlns:android="http://schemas.android.com/apk/res/android"
3    package="com.mueblenet2"
4    android:versionCode="1"
5    android:versionName="1.0" >
6
7    <uses-sdk
8        android:minSdkVersion="16"
8-->src/main/AndroidManifest.xml
9        android:targetSdkVersion="29" />
9-->src/main/AndroidManifest.xml
10
11    <uses-permission android:name="android.permission.INTERNET" />
11-->src/main/AndroidManifest.xml:4:3-64
11-->src/main/AndroidManifest.xml:4:20-62
12    <uses-permission android:name="android.permission.READ_EXTERNAL_STORAGE" />
12-->src/main/AndroidManifest.xml:5:3-77
12-->src/main/AndroidManifest.xml:5:20-75
13    <uses-permission android:name="android.permission.WRITE_EXTERNAL_STORAGE" />
13-->src/main/AndroidManifest.xml:6:3-78
13-->src/main/AndroidManifest.xml:6:20-76
14    <uses-permission android:name="android.permission.READ_CONTACTS" />
14-->src/main/AndroidManifest.xml:7:3-69
14-->src/main/AndroidManifest.xml:7:20-67
15    <uses-permission android:name="android.permission.CAMERA" />
15-->src/main/AndroidManifest.xml:8:3-62
15-->src/main/AndroidManifest.xml:8:20-60
16    <uses-permission android:name="android.permission.CHANGE_NETWORK_STATE" />
16-->[:react-native-tcp-socket] AndroidManifest.xml:11:5-79
16-->[:react-native-tcp-socket] AndroidManifest.xml:11:22-76
17
18    <application
18-->src/main/AndroidManifest.xml:9:5-29:19
19        android:name="com.mueblenet2.MainApplication"
19-->src/main/AndroidManifest.xml:10:7-38
20        android:allowBackup="false"
20-->src/main/AndroidManifest.xml:15:7-34
21        android:appComponentFactory="androidx.core.app.CoreComponentFactory"
21-->[androidx.core:core:1.1.0] AndroidManifest.xml:24:18-86
22        android:icon="@mipmap/ic_launcher"
22-->src/main/AndroidManifest.xml:12:7-41
23        android:label="@string/app_name"
23-->src/main/AndroidManifest.xml:11:7-39
24        android:roundIcon="@mipmap/ic_launcher_round"
24-->src/main/AndroidManifest.xml:14:7-52
25        android:theme="@style/AppTheme"
25-->src/main/AndroidManifest.xml:16:7-38
26        android:usesCleartextTraffic="true" >
26-->src/main/AndroidManifest.xml:13:7-42
27        <activity
27-->src/main/AndroidManifest.xml:17:7-27:18
28            android:name="com.mueblenet2.MainActivity"
28-->src/main/AndroidManifest.xml:18:9-37
29            android:configChanges="keyboard|keyboardHidden|orientation|screenSize|uiMode"
29-->src/main/AndroidManifest.xml:20:9-86
30            android:label="@string/app_name"
30-->src/main/AndroidManifest.xml:19:9-41
31            android:launchMode="singleTask"
31-->src/main/AndroidManifest.xml:21:9-40
32            android:windowSoftInputMode="adjustResize" >
32-->src/main/AndroidManifest.xml:22:9-51
33            <intent-filter>
33-->src/main/AndroidManifest.xml:23:9-26:25
34                <action android:name="android.intent.action.MAIN" />
34-->src/main/AndroidManifest.xml:24:13-65
34-->src/main/AndroidManifest.xml:24:21-62
35
36                <category android:name="android.intent.category.LAUNCHER" />
36-->src/main/AndroidManifest.xml:25:13-73
36-->src/main/AndroidManifest.xml:25:23-70
37            </intent-filter>
38        </activity>
39        <activity android:name="com.facebook.react.devsupport.DevSettingsActivity" />
39-->src/main/AndroidManifest.xml:28:7-84
39-->src/main/AndroidManifest.xml:28:17-81
40
41        <provider
41-->[:react-native-image-picker] AndroidManifest.xml:10:9-18:20
42            android:name="com.imagepicker.FileProvider"
42-->[:react-native-image-picker] AndroidManifest.xml:11:13-56
43            android:authorities="com.mueblenet2.provider"
43-->[:react-native-image-picker] AndroidManifest.xml:12:13-60
44            android:exported="false"
44-->[:react-native-image-picker] AndroidManifest.xml:13:13-37
45            android:grantUriPermissions="true" >
45-->[:react-native-image-picker] AndroidManifest.xml:14:13-47
46            <meta-data
46-->[:react-native-image-picker] AndroidManifest.xml:15:13-17:58
47                android:name="android.support.FILE_PROVIDER_PATHS"
47-->[:react-native-image-picker] AndroidManifest.xml:16:17-67
48                android:resource="@xml/provider_paths" />
48-->[:react-native-image-picker] AndroidManifest.xml:17:17-55
49        </provider>
50    </application>
51
52</manifest>